<?xml version="1.0" encoding="UTF-8"?>
<!-- Generated by org.testng.reporters.JUnitXMLReporter -->
<testsuite hostname="Saer-Ubutu32" name="Surefire test" tests="2" failures="0" timestamp="18 Oct 2016 12:55:23 GMT" time="0.139" errors="0">
  <testcase name="testRadiensToDegrees on testRadiensToDegrees(exercises.gui.conversorTest)" time="0.012" classname="exercises.gui.conversorTest"/>
  <testcase name="testDegreesToRadiens on testDegreesToRadiens(exercises.gui.conversorTest)" time="0.0" classname="exercises.gui.conversorTest"/>
</testsuite> <!-- Surefire test -->
